╒════════════════════╤════════════════════╕
│      a0 loss       │       1.120        │
├────────────────────┼────────────────────┤
│       steps        │         0          │
├────────────────────┼────────────────────┤
│        loss        │       0.409        │
╘════════════════════╧════════════════════╛

╒════════════════════╤════════════════════╕
│      a0 loss       │       1.119        │
├────────────────────┼────────────────────┤
│       steps        │         0          │
├────────────────────┼────────────────────┤
│        loss        │       0.416        │
╘════════════════════╧════════════════════╛

╒════════════════════╤════════════════════╕
│      a0 loss       │       1.080        │
├────────────────────┼────────────────────┤
│       steps        │         0          │
├────────────────────┼────────────────────┤
│        loss        │       0.400        │
╘════════════════════╧════════════════════╛

